<?xml version="1.0" encoding="UTF-8"?>
<testng-results skipped="0" failed="1" ignored="0" total="3" passed="2">
  <reporter-output>
  </reporter-output>
  <suite name="Default suite" duration-ms="13635" started-at="2019-06-10T19:25:41Z" finished-at="2019-06-10T19:25:54Z">
    <groups>
    </groups>
    <test name="Default test" duration-ms="13635" started-at="2019-06-10T19:25:41Z" finished-at="2019-06-10T19:25:54Z">
      <class name="com.pjm.TestScripts.ValidateHomePage">
        <test-method status="PASS" signature="openBrowser()[pri:0, instance:com.pjm.TestScripts.ValidateHomePage@462d5aee]" name="openBrowser" is-config="true" duration-ms="11669" started-at="2019-06-10T19:25:41Z" finished-at="2019-06-10T19:25:52Z">
          <reporter-output>
          </reporter-output>
        </test-method> <!-- openBrowser -->
        <test-method status="PASS" signature="checkLink()[pri:0, instance:com.pjm.TestScripts.ValidateHomePage@462d5aee]" name="checkLink" duration-ms="9" started-at="2019-06-10T19:25:53Z" finished-at="2019-06-10T19:25:53Z">
          <reporter-output>
          </reporter-output>
        </test-method> <!-- checkLink -->
        <test-method status="FAIL" signature="checkLink2()[pri:0, instance:com.pjm.TestScripts.ValidateHomePage@462d5aee]" name="checkLink2" duration-ms="2" started-at="2019-06-10T19:25:53Z" finished-at="2019-06-10T19:25:53Z">
          <exception class="org.junit.ComparisonFailure">
            <message>
              <![CDATA[expected:<[d]> but was:<[c]>]]>
            </message>
            <full-stacktrace>
              <![CDATA[org.junit.ComparisonFailure: expected:<[d]> but was:<[c]>
at org.junit.Assert.assertEquals(Assert.java:115)
at org.junit.Assert.assertEquals(Assert.java:144)
at com.pjm.TestScripts.ValidateHomePage.checkLink2(ValidateHomePage.java:43)
at sun.reflect.NativeMethodAccessorImpl.invoke0(Native Method)
at sun.reflect.NativeMethodAccessorImpl.invoke(Unknown Source)
at sun.reflect.DelegatingMethodAccessorImpl.invoke(Unknown Source)
at java.lang.reflect.Method.invoke(Unknown Source)
at org.testng.internal.MethodInvocationHelper.invokeMethod(MethodInvocationHelper.java:124)
at org.testng.internal.Invoker.invokeMethod(Invoker.java:580)
at org.testng.internal.Invoker.invokeTestMethod(Invoker.java:716)
at org.testng.internal.Invoker.invokeTestMethods(Invoker.java:988)
at org.testng.internal.TestMethodWorker.invokeTestMethods(TestMethodWorker.java:125)
at org.testng.internal.TestMethodWorker.run(TestMethodWorker.java:109)
at org.testng.TestRunner.privateRun(TestRunner.java:648)
at org.testng.TestRunner.run(TestRunner.java:505)
at org.testng.SuiteRunner.runTest(SuiteRunner.java:455)
at org.testng.SuiteRunner.runSequentially(SuiteRunner.java:450)
at org.testng.SuiteRunner.privateRun(SuiteRunner.java:415)
at org.testng.SuiteRunner.run(SuiteRunner.java:364)
at org.testng.SuiteRunnerWorker.runSuite(SuiteRunnerWorker.java:52)
at org.testng.SuiteRunnerWorker.run(SuiteRunnerWorker.java:84)
at org.testng.TestNG.runSuitesSequentially(TestNG.java:1208)
at org.testng.TestNG.runSuitesLocally(TestNG.java:1137)
at org.testng.TestNG.runSuites(TestNG.java:1049)
at org.testng.TestNG.run(TestNG.java:1017)
at org.testng.remote.AbstractRemoteTestNG.run(AbstractRemoteTestNG.java:114)
at org.testng.remote.RemoteTestNG.initAndRun(RemoteTestNG.java:251)
at org.testng.remote.RemoteTestNG.main(RemoteTestNG.java:77)
]]>
            </full-stacktrace>
          </exception> <!-- org.junit.ComparisonFailure -->
          <reporter-output>
          </reporter-output>
        </test-method> <!-- checkLink2 -->
        <test-method status="PASS" signature="checkTitle()[pri:0, instance:com.pjm.TestScripts.ValidateHomePage@462d5aee]" name="checkTitle" duration-ms="35" started-at="2019-06-10T19:25:53Z" finished-at="2019-06-10T19:25:53Z">
          <reporter-output>
          </reporter-output>
        </test-method> <!-- checkTitle -->
        <test-method status="PASS" signature="closeBrowser()[pri:0, instance:com.pjm.TestScripts.ValidateHomePage@462d5aee]" name="closeBrowser" is-config="true" duration-ms="1082" started-at="2019-06-10T19:25:53Z" finished-at="2019-06-10T19:25:54Z">
          <reporter-output>
          </reporter-output>
        </test-method> <!-- closeBrowser -->
      </class> <!-- com.pjm.TestScripts.ValidateHomePage -->
    </test> <!-- Default test -->
  </suite> <!-- Default suite -->
</testng-results>
