<?xml version="1.0" encoding="UTF-8"?>
<testng-results skipped="0" failed="0" ignored="0" total="1" passed="1">
  <reporter-output>
  </reporter-output>
  <suite name="Default suite" duration-ms="11455" started-at="2019-06-10T19:21:26Z" finished-at="2019-06-10T19:21:37Z">
    <groups>
    </groups>
    <test name="Default test" duration-ms="11455" started-at="2019-06-10T19:21:26Z" finished-at="2019-06-10T19:21:37Z">
      <class name="com.pjm.TestScripts.ValidateCredientialsTest">
        <test-method status="PASS" signature="openBrowser()[pri:0, instance:com.pjm.TestScripts.ValidateCredientialsTest@462d5aee]" name="openBrowser" is-config="true" duration-ms="5805" started-at="2019-06-10T19:21:26Z" finished-at="2019-06-10T19:21:32Z">
          <reporter-output>
          </reporter-output>
        </test-method> <!-- openBrowser -->
        <test-method status="PASS" signature="checkCredientials()[pri:0, instance:com.pjm.TestScripts.ValidateCredientialsTest@462d5aee]" name="checkCredientials" duration-ms="4414" started-at="2019-06-10T19:21:32Z" finished-at="2019-06-10T19:21:36Z">
          <reporter-output>
          </reporter-output>
        </test-method> <!-- checkCredientials -->
        <test-method status="PASS" signature="closeBrowser()[pri:0, instance:com.pjm.TestScripts.ValidateCredientialsTest@462d5aee]" name="closeBrowser" is-config="true" duration-ms="935" started-at="2019-06-10T19:21:36Z" finished-at="2019-06-10T19:21:37Z">
          <reporter-output>
          </reporter-output>
        </test-method> <!-- closeBrowser -->
      </class> <!-- com.pjm.TestScripts.ValidateCredientialsTest -->
    </test> <!-- Default test -->
  </suite> <!-- Default suite -->
</testng-results>
