<?xml version="1.0" encoding="UTF-8"?>
<testng-results skipped="0" failed="0" ignored="0" total="1" passed="1">
  <reporter-output>
  </reporter-output>
  <suite name="Default suite" duration-ms="4796" started-at="2019-05-25T16:26:09Z" finished-at="2019-05-25T16:26:14Z">
    <groups>
    </groups>
    <test name="Default test" duration-ms="4796" started-at="2019-05-25T16:26:09Z" finished-at="2019-05-25T16:26:14Z">
      <class name="com.newtours.demoaut.Tests.validateLogin">
        <test-method status="PASS" signature="OpenBrowser()[pri:0, instance:com.newtours.demoaut.Tests.validateLogin@7ce6a65d]" name="OpenBrowser" is-config="true" duration-ms="3822" started-at="2019-05-25T16:26:09Z" finished-at="2019-05-25T16:26:13Z">
          <reporter-output>
          </reporter-output>
        </test-method> <!-- OpenBrowser -->
        <test-method status="PASS" signature="validateLogin()[pri:0, instance:com.newtours.demoaut.Tests.validateLogin@7ce6a65d]" name="validateLogin" duration-ms="9" started-at="2019-05-25T16:26:13Z" finished-at="2019-05-25T16:26:13Z">
          <reporter-output>
          </reporter-output>
        </test-method> <!-- validateLogin -->
        <test-method status="PASS" signature="closeBrowser()[pri:0, instance:com.newtours.demoaut.Tests.validateLogin@7ce6a65d]" name="closeBrowser" is-config="true" duration-ms="926" started-at="2019-05-25T16:26:13Z" finished-at="2019-05-25T16:26:14Z">
          <reporter-output>
          </reporter-output>
        </test-method> <!-- closeBrowser -->
      </class> <!-- com.newtours.demoaut.Tests.validateLogin -->
    </test> <!-- Default test -->
  </suite> <!-- Default suite -->
</testng-results>
