<?xml version="1.0" encoding="UTF-8"?>
<testng-results skipped="0" failed="0" ignored="0" total="1" passed="1">
  <reporter-output>
  </reporter-output>
  <suite name="Default suite" duration-ms="17494" started-at="2019-06-11T17:56:32Z" finished-at="2019-06-11T17:56:50Z">
    <groups>
    </groups>
    <test name="Default test" duration-ms="17494" started-at="2019-06-11T17:56:32Z" finished-at="2019-06-11T17:56:50Z">
      <class name="com.pjm.TestScripts.ValidateCredientialsTest">
        <test-method status="PASS" signature="openBrowser()[pri:0, instance:com.pjm.TestScripts.ValidateCredientialsTest@462d5aee]" name="openBrowser" is-config="true" duration-ms="8445" started-at="2019-06-11T17:56:33Z" finished-at="2019-06-11T17:56:41Z">
          <reporter-output>
          </reporter-output>
        </test-method> <!-- openBrowser -->
        <test-method status="PASS" signature="checkCredientials()[pri:0, instance:com.pjm.TestScripts.ValidateCredientialsTest@462d5aee]" name="checkCredientials" duration-ms="5672" started-at="2019-06-11T17:56:41Z" finished-at="2019-06-11T17:56:47Z">
          <reporter-output>
          </reporter-output>
        </test-method> <!-- checkCredientials -->
        <test-method status="PASS" signature="closeBrowser()[pri:0, instance:com.pjm.TestScripts.ValidateCredientialsTest@462d5aee]" name="closeBrowser" is-config="true" duration-ms="2902" started-at="2019-06-11T17:56:47Z" finished-at="2019-06-11T17:56:50Z">
          <reporter-output>
          </reporter-output>
        </test-method> <!-- closeBrowser -->
      </class> <!-- com.pjm.TestScripts.ValidateCredientialsTest -->
    </test> <!-- Default test -->
  </suite> <!-- Default suite -->
</testng-results>
